  dllmain.cpp
  libsock.cpp
libsock.cpp(1): warning C4005: “LIBSOCK_EXPORTS”: 宏重定义
  libsock.cpp(1): note: 命令行参数: 参见前面的“LIBSOCK_EXPORTS”定义
d:\code\vs\filetrans\libsock\libsock.h(385): warning C4251: “TCPFileTransEx::sockList”: class“std::set<SOCKET,std::less<_Kty>,std::allocator<_Kty>>”需要有 dll 接口由 class“TCPFileTransEx”的客户端使用
          with
          [
              _Kty=SOCKET
          ]
d:\code\vs\filetrans\libsock\libsock.h(386): warning C4251: “TCPFileTransEx::errorSockList”: class“std::set<SOCKET,std::less<_Kty>,std::allocator<_Kty>>”需要有 dll 接口由 class“TCPFileTransEx”的客户端使用
          with
          [
              _Kty=SOCKET
          ]
libsock.cpp(394): warning C4244: “参数”: 从“LONGLONG”转换到“size_t”，可能丢失数据
libsock.cpp(433): warning C4244: “参数”: 从“LONGLONG”转换到“DWORD”，可能丢失数据
  stdafx.cpp
    正在创建库 D:\code\VS\fileTrans\Release\libsockx86.lib 和对象 D:\code\VS\fileTrans\Release\libsockx86.exp
  正在生成代码
  762 of 764 functions (99.7%) were compiled, the rest were copied from previous compilation.
    0 functions were new in current compilation
    0 functions had inline decision re-evaluated but remain unchanged
  已完成代码的生成
  libsock.vcxproj -> D:\code\VS\fileTrans\Release\libsockx86.dll
